Packet header in:
Metadata in:
	7ffc0: 36 00 36 00 8A FF 07 AE 00 00 00 00 00 00 00 00
	7ffd0: 00 01 00 00 00 00 00 00 00 00 00 00 00 00 00 00
	7ffe0: 00 00 00 00 00 00 00 00 00 00 00 00 00 00 00 00
	7fff0: 00 00 00 00 00 00 00 00 00 00 00 00 00 00 00 00
Metadata out:
	7ffc0: 36 00 36 00 8A FF 07 AE 00 00 00 00 00 00 00 00
	7ffd0: 00 01 00 00 00 00 00 00 00 00 00 00 00 00 00 00
	7ffe0: 00 00 00 00 00 00 00 00 00 00 00 00 00 00 00 00
	7fff0: 00 00 00 00 00 00 00 00 00 00 00 00 00 00 00 00
Packet header out:
	7ff8a: 00 00 00 00 00 00 00 00 00 00 00 00 00 00 00 00
	7ff9a: 00 00 00 00 00 00 00 00 00 00 00 00 00 00 00 00
	7ffaa: 00 00 00 00 00 00 00 00 00 00 00 00 00 00 00 00
	7ffba: 00 00 00 00 00 00 36 00 36 00 8A FF 07 AE 00 00
  0000: 00 00 00 00 00 00 00 00 00 30 40 FF 07 00 05 00: load (((0x80000)-(0x40))-(0x80)), (0x30)
    adr: 0
    msk: 0
    get off: 00 00 00 00 00 00 00 00 00 00 00 00 00 00 00 00
    get mem: 00 00 00 00 00 00 00 00 00 00 00 00 00 00 00 00 at 7ff40
    set acc: 00 00 00 00 00 00 00 00 00 00 00 00 00 00 00 00
        was: 00 00 00 00 00 00 00 00 00 00 00 00 00 00 00 00
    get pos: 0000
    set pos: 0010
        was: 0000
Packet header in:
	7ff40: FF FF FF FF FF FF F0 DE F1 2B A5 72 08 06 00 01
	7ff50: 08 00 06 04 00 01 F0 DE F1 2B A5 72 C0 A8 01 5B
	7ff60: 00 00 00 00 00 00 C0 A8 01 79 00 00 00 00 00 00
Metadata in:
	7ffc0: 2A 00 80 00 40 FF 07 49 00 00 00 00 00 00 00 00
	7ffd0: 00 00 00 00 00 00 00 00 00 00 00 00 00 00 00 00
	7ffe0: 00 00 00 00 00 00 00 00 00 00 00 00 00 00 00 00
	7fff0: 00 00 00 00 00 00 00 00 00 00 00 00 00 00 00 00
Metadata out:
	7ffc0: 2A 00 80 00 40 FF 07 49 00 00 00 00 00 00 00 00
	7ffd0: 00 00 00 00 00 00 00 00 00 00 00 00 00 00 00 00
	7ffe0: 00 00 00 00 00 00 00 00 00 00 00 00 00 00 00 00
	7fff0: 00 00 00 00 00 00 00 00 00 00 00 00 00 00 00 00
Packet header out:
	7ff40: FF FF FF FF FF FF F0 DE F1 2B A5 72 08 06 00 01
	7ff50: 08 00 06 04 00 01 F0 DE F1 2B A5 72 C0 A8 01 5B
	7ff60: 00 00 00 00 00 00 C0 A8 01 79 00 00 00 00 00 00
	7ff70: 00 00 00 00 00 00 00 00 00 00 00 00 00 00 00 00
	7ff80: 00 00 00 00 00 00 00 00 00 00 00 00 00 00 00 00
	7ff90: 00 00 00 00 00 00 00 00 00 00 00 00 00 00 00 00
	7ffa0: 00 00 00 00 00 00 00 00 00 00 00 00 00 00 00 00
	7ffb0: 00 00 00 00 00 00 00 00 00 00 00 00 00 00 00 00
Packet header in:
	7ff40: FF FF FF FF FF FF F0 DE F1 2B A5 72 08 06 00 01
	7ff50: 08 00 06 04 00 01 F0 DE F1 2B A5 72 C0 A8 01 5B
	7ff60: 00 00 00 00 00 00 C0 A8 01 79 00 00 00 00 00 00
Metadata in:
	7ffc0: 2A 00 80 00 40 FF 07 6B 00 00 00 00 00 00 00 00
	7ffd0: 00 00 00 00 00 00 00 00 00 00 00 00 00 00 00 00
	7ffe0: 00 00 00 00 00 00 00 00 00 00 00 00 00 00 00 00
	7fff0: 00 00 00 00 00 00 00 00 00 00 00 00 00 00 00 00
Metadata out:
	7ffc0: 2A 00 80 00 40 FF 07 6B 00 00 00 00 00 00 00 00
	7ffd0: 00 00 00 00 00 00 00 00 00 00 00 00 00 00 00 00
	7ffe0: 00 00 00 00 00 00 00 00 00 00 00 00 00 00 00 00
	7fff0: 00 00 00 00 00 00 00 00 00 00 00 00 00 00 00 00
Packet header out:
	7ff40: FF FF FF FF FF FF F0 DE F1 2B A5 72 08 06 00 01
	7ff50: 08 00 06 04 00 01 F0 DE F1 2B A5 72 C0 A8 01 5B
	7ff60: 00 00 00 00 00 00 C0 A8 01 79 00 00 00 00 00 00
	7ff70: 00 00 00 00 00 00 00 00 00 00 00 00 00 00 00 00
	7ff80: 00 00 00 00 00 00 00 00 00 00 00 00 00 00 00 00
	7ff90: 00 00 00 00 00 00 00 00 00 00 00 00 00 00 00 00
	7ffa0: 00 00 00 00 00 00 00 00 00 00 00 00 00 00 00 00
	7ffb0: 00 00 00 00 00 00 00 00 00 00 00 00 00 00 00 00
Packet header in:
	7ff40: FF FF FF FF FF FF F0 DE F1 2B A5 72 08 06 00 01
	7ff50: 08 00 06 04 00 01 F0 DE F1 2B A5 72 C0 A8 01 5B
	7ff60: 00 00 00 00 00 00 C0 A8 01 79 00 00 00 00 00 00
Metadata in:
	7ffc0: 2A 00 80 00 40 FF 07 0D 00 00 00 00 00 00 00 00
	7ffd0: 00 00 00 00 00 00 00 00 00 00 00 00 00 00 00 00
	7ffe0: 00 00 00 00 00 00 00 00 00 00 00 00 00 00 00 00
	7fff0: 00 00 00 00 00 00 00 00 00 00 00 00 00 00 00 00
Metadata out:
	7ffc0: 2A 00 80 00 40 FF 07 0D 00 00 00 00 00 00 00 00
	7ffd0: 00 00 00 00 00 00 00 00 00 00 00 00 00 00 00 00
	7ffe0: 00 00 00 00 00 00 00 00 00 00 00 00 00 00 00 00
	7fff0: 00 00 00 00 00 00 00 00 00 00 00 00 00 00 00 00
Packet header out:
	7ff40: FF FF FF FF FF FF F0 DE F1 2B A5 72 08 06 00 01
	7ff50: 08 00 06 04 00 01 F0 DE F1 2B A5 72 C0 A8 01 5B
	7ff60: 00 00 00 00 00 00 C0 A8 01 79 00 00 00 00 00 00
	7ff70: 00 00 00 00 00 00 00 00 00 00 00 00 00 00 00 00
	7ff80: 00 00 00 00 00 00 00 00 00 00 00 00 00 00 00 00
	7ff90: 00 00 00 00 00 00 00 00 00 00 00 00 00 00 00 00
	7ffa0: 00 00 00 00 00 00 00 00 00 00 00 00 00 00 00 00
	7ffb0: 00 00 00 00 00 00 00 00 00 00 00 00 00 00 00 00
Packet header in:
	7ff40: 00 0D B9 32 B4 F8 F0 DE F1 2B A5 72 08 00 45 00
	7ff50: 00 73 B2 76 40 00 40 06 CD 68 C0 A8 01 5B 23 9E
	7ff60: D5 04 AB 42 01 BB EC 86 97 7F 3A EB 4F 22 80 18
	7ff70: 00 59 BB 0B 00 00 01 01 08 0A FC 23 9F 08 1A 86
	7ff80: 13 BF 17 03 03 00 3A 00 00 00 00 00 00 03 D1 D8
	7ff90: F3 C8 D1 CB 02 C4 5C E2 21 C6 D8 28 3C 0F 45 BB
	7ffa0: C7 01 2C EB 50 E5 50 41 06 27 5A 1C 78 EA D3 81
	7ffb0: C2 B0 D7 13 0B 12 61 6D E0 58 7F 28 72 48 8C C3
Metadata in:
	7ffc0: 81 00 80 00 40 FF 07 E9 00 00 00 00 00 00 00 00
	7ffd0: 00 00 00 00 00 00 00 00 00 00 00 00 00 00 00 00
	7ffe0: 00 00 00 00 00 00 00 00 00 00 00 00 00 00 00 00
	7fff0: 00 00 00 00 00 00 00 00 00 00 00 00 00 00 00 00
Metadata out:
	7ffc0: 81 00 80 00 40 FF 07 E9 00 00 00 00 00 00 00 00
	7ffd0: 00 00 00 00 00 00 00 00 00 00 00 00 00 00 00 00
	7ffe0: 00 00 00 00 00 00 00 00 00 00 00 00 00 00 00 00
	7fff0: 00 00 00 00 00 00 00 00 00 00 00 00 00 00 00 00
Packet header out:
	7ff40: 00 0D B9 32 B4 F8 F0 DE F1 2B A5 72 08 00 45 00
	7ff50: 00 73 B2 76 40 00 40 06 CD 68 C0 A8 01 5B 23 9E
	7ff60: D5 04 AB 42 01 BB EC 86 97 7F 3A EB 4F 22 80 18
	7ff70: 00 59 BB 0B 00 00 01 01 08 0A FC 23 9F 08 1A 86
	7ff80: 13 BF 17 03 03 00 3A 00 00 00 00 00 00 03 D1 D8
	7ff90: F3 C8 D1 CB 02 C4 5C E2 21 C6 D8 28 3C 0F 45 BB
	7ffa0: C7 01 2C EB 50 E5 50 41 06 27 5A 1C 78 EA D3 81
	7ffb0: C2 B0 D7 13 0B 12 61 6D E0 58 7F 28 72 48 8C C3
Packet header in:
	7ff40: F0 DE F1 2B A5 72 00 0D B9 32 B4 F8 08 00 45 00
	7ff50: 00 73 3F C9 40 00 30 06 50 16 23 9E D5 04 C0 A8
	7ff60: 01 5B 01 BB AB 42 3A EB 4F 22 EC 86 97 BE 80 18
	7ff70: 00 0D 0F FF 00 00 01 01 08 0A 1A 86 1D 83 FC 23
	7ff80: 9F 08 17 03 03 00 3A B7 11 D8 D1 8F 96 81 E8 60
	7ff90: CF 18 39 A2 A2 94 0D FD C1 C9 3C 9B AB 35 DC 3A
	7ffa0: 92 14 7D DB 0F 90 14 21 50 61 B1 EF D5 00 C2 7A
	7ffb0: 65 4D F2 A6 E0 F7 5D 34 AD DA 7A 24 0E 86 F6 02
Metadata in:
	7ffc0: 81 00 80 00 40 FF 07 57 00 00 00 00 00 00 00 00
	7ffd0: 00 00 00 00 00 00 00 00 00 00 00 00 00 00 00 00
	7ffe0: 00 00 00 00 00 00 00 00 00 00 00 00 00 00 00 00
	7fff0: 00 00 00 00 00 00 00 00 00 00 00 00 00 00 00 00
Metadata out:
	7ffc0: 81 00 80 00 40 FF 07 57 00 00 00 00 00 00 00 00
	7ffd0: 00 00 00 00 00 00 00 00 00 00 00 00 00 00 00 00
	7ffe0: 00 00 00 00 00 00 00 00 00 00 00 00 00 00 00 00
	7fff0: 00 00 00 00 00 00 00 00 00 00 00 00 00 00 00 00
Packet header out:
	7ff40: F0 DE F1 2B A5 72 00 0D B9 32 B4 F8 08 00 45 00
	7ff50: 00 73 3F C9 40 00 30 06 50 16 23 9E D5 04 C0 A8
	7ff60: 01 5B 01 BB AB 42 3A EB 4F 22 EC 86 97 BE 80 18
	7ff70: 00 0D 0F FF 00 00 01 01 08 0A 1A 86 1D 83 FC 23
	7ff80: 9F 08 17 03 03 00 3A B7 11 D8 D1 8F 96 81 E8 60
	7ff90: CF 18 39 A2 A2 94 0D FD C1 C9 3C 9B AB 35 DC 3A
	7ffa0: 92 14 7D DB 0F 90 14 21 50 61 B1 EF D5 00 C2 7A
	7ffb0: 65 4D F2 A6 E0 F7 5D 34 AD DA 7A 24 0E 86 F6 02
Packet header in:
	7ff40: 00 0D B9 32 B4 F8 F0 DE F1 2B A5 72 08 00 45 00
	7ff50: 00 34 B2 77 40 00 40 06 CD A6 C0 A8 01 5B 23 9E
	7ff60: D5 04 AB 42 01 BB EC 86 97 BE 3A EB 4F 61 80 10
	7ff70: 00 59 BA CC 00 00 01 01 08 0A FC 23 9F 35 1A 86
	7ff80: 1D 83 00 00 00 00 00 00 00 00 00 00 00 00 00 00
Metadata in:
	7ffc0: 42 00 80 00 40 FF 07 0E 00 00 00 00 00 00 00 00
	7ffd0: 00 00 00 00 00 00 00 00 00 00 00 00 00 00 00 00
	7ffe0: 00 00 00 00 00 00 00 00 00 00 00 00 00 00 00 00
	7fff0: 00 00 00 00 00 00 00 00 00 00 00 00 00 00 00 00
Metadata out:
	7ffc0: 42 00 80 00 40 FF 07 0E 00 00 00 00 00 00 00 00
	7ffd0: 00 00 00 00 00 00 00 00 00 00 00 00 00 00 00 00
	7ffe0: 00 00 00 00 00 00 00 00 00 00 00 00 00 00 00 00
	7fff0: 00 00 00 00 00 00 00 00 00 00 00 00 00 00 00 00
Packet header out:
	7ff40: 00 0D B9 32 B4 F8 F0 DE F1 2B A5 72 08 00 45 00
	7ff50: 00 34 B2 77 40 00 40 06 CD A6 C0 A8 01 5B 23 9E
	7ff60: D5 04 AB 42 01 BB EC 86 97 BE 3A EB 4F 61 80 10
	7ff70: 00 59 BA CC 00 00 01 01 08 0A FC 23 9F 35 1A 86
	7ff80: 1D 83 00 00 00 00 00 00 00 00 00 00 00 00 00 00
	7ff90: CF 18 39 A2 A2 94 0D FD C1 C9 3C 9B AB 35 DC 3A
	7ffa0: 92 14 7D DB 0F 90 14 21 50 61 B1 EF D5 00 C2 7A
	7ffb0: 65 4D F2 A6 E0 F7 5D 34 AD DA 7A 24 0E 86 F6 02
