Packet header in:
Metadata in:
	7ffc0: 36 00 36 00 8A FF 07 E9 00 00 00 00 00 00 00 00
	7ffd0: 10 01 00 00 00 00 00 00 00 00 00 00 00 00 00 00
	7ffe0: 00 00 00 00 00 00 00 00 00 00 00 00 00 00 00 00
	7fff0: 00 00 00 00 00 00 00 00 00 00 00 00 00 00 00 00
Metadata out:
	7ffc0: 36 00 36 00 8A FF 07 E9 00 00 00 00 00 00 00 00
	7ffd0: 10 01 00 00 00 00 00 00 00 00 00 00 00 00 00 00
	7ffe0: 00 00 00 00 00 00 00 00 00 00 00 00 00 00 00 00
	7fff0: 00 00 00 00 00 00 00 00 00 00 00 00 00 00 00 00
Packet header out:
	7ff8a: 00 00 00 00 00 00 00 00 00 00 00 00 00 00 00 00
	7ff9a: 00 00 00 00 00 00 00 00 00 00 00 00 00 00 00 00
	7ffaa: 00 00 00 00 00 00 00 00 00 00 00 00 00 00 00 00
	7ffba: 00 00 00 00 00 00 36 00 36 00 8A FF 07 E9 00 00
  0000: 00 00 00 00 00 00 00 00 00 30 40 FF 07 00 05 00: load (((0x80000)-(0x40))-(0x80)), (0x30)
    adr: 0
    msk: 0
    get off: 00 00 00 00 00 00 00 00 00 00 00 00 00 00 00 00
    get mem: 00 00 00 00 00 00 00 00 00 00 00 00 00 00 00 00 at 7ff40
    set acc: 00 00 00 00 00 00 00 00 00 00 00 00 00 00 00 00
        was: 00 00 00 00 00 00 00 00 00 00 00 00 00 00 00 00
    get pos: 0000
    set pos: 0010
        was: 0000
